# JRE version: OpenJDK Runtime Environment (11.0.13) (build 11.0.13+0-b1751.21-8125866)
# Java VM: OpenJDK 64-Bit Server VM (11.0.13+0-b1751.21-8125866, mixed mode, tiered, compressed oops, g1 gc, bsd-amd64)
Heap:
 garbage-first heap   total 315392K, used 73155K [0x0000000700000000, 0x0000000800000000)
  region size 1024K, 21 young (21504K), 21 survivors (21504K)
 Metaspace       used 43158K, capacity 44099K, committed 44464K, reserved 1087488K
  class space    used 5321K, capacity 5630K, committed 5632K, reserved 1048576K
GC Heap History (16 events):
Event: 1.075 GC heap before
{Heap before GC invocations=0 (full 0):
 garbage-first heap   total 262144K, used 29696K [0x0000000700000000, 0x0000000800000000)
  region size 1024K, 24 young (24576K), 0 survivors (0K)
 Metaspace       used 10663K, capacity 10915K, committed 11264K, reserved 1058816K
  class space    used 1110K, capacity 1169K, committed 1280K, reserved 1048576K
}
Event: 1.083 GC heap after
{Heap after GC invocations=1 (full 0):
 garbage-first heap   total 262144K, used 8817K [0x0000000700000000, 0x0000000800000000)
  region size 1024K, 3 young (3072K), 3 survivors (3072K)
 Metaspace       used 10663K, capacity 10915K, committed 11264K, reserved 1058816K
  class space    used 1110K, capacity 1169K, committed 1280K, reserved 1048576K
}
Event: 2.925 GC heap before
{Heap before GC invocations=1 (full 0):
 garbage-first heap   total 262144K, used 84593K [0x0000000700000000, 0x0000000800000000)
  region size 1024K, 79 young (80896K), 3 survivors (3072K)
 Metaspace       used 20538K, capacity 21080K, committed 21296K, reserved 1069056K
  class space    used 2496K, capacity 2648K, committed 2688K, reserved 1048576K
}
Event: 2.938 GC heap after
{Heap after GC invocations=2 (full 0):
 garbage-first heap   total 262144K, used 16229K [0x0000000700000000, 0x0000000800000000)
  region size 1024K, 11 young (11264K), 11 survivors (11264K)
 Metaspace       used 20538K, capacity 21080K, committed 21296K, reserved 1069056K
  class space    used 2496K, capacity 2648K, committed 2688K, reserved 1048576K
}
Event: 7.692 GC heap before
{Heap before GC invocations=3 (full 0):
 garbage-first heap   total 262144K, used 85861K [0x0000000700000000, 0x0000000800000000)
  region size 1024K, 66 young (67584K), 11 survivors (11264K)
 Metaspace       used 26038K, capacity 26742K, committed 26800K, reserved 1073152K
  class space    used 3343K, capacity 3581K, committed 3584K, reserved 1048576K
}
Event: 7.702 GC heap after
{Heap after GC invocations=4 (full 0):
 garbage-first heap   total 262144K, used 37910K [0x0000000700000000, 0x0000000800000000)
  region size 1024K, 8 young (8192K), 8 survivors (8192K)
 Metaspace       used 26038K, capacity 26742K, committed 26800K, reserved 1073152K
  class space    used 3343K, capacity 3581K, committed 3584K, reserved 1048576K
}
Event: 8.952 GC heap before
{Heap before GC invocations=4 (full 0):
 garbage-first heap   total 262144K, used 89110K [0x0000000700000000, 0x0000000800000000)
  region size 1024K, 60 young (61440K), 8 survivors (8192K)
 Metaspace       used 34893K, capacity 35690K, committed 35888K, reserved 1081344K
  class space    used 4450K, capacity 4727K, committed 4736K, reserved 1048576K
}
Event: 8.974 GC heap after
{Heap after GC invocations=5 (full 0):
 garbage-first heap   total 262144K, used 40915K [0x0000000700000000, 0x0000000800000000)
  region size 1024K, 4 young (4096K), 4 survivors (4096K)
 Metaspace       used 34893K, capacity 35690K, committed 35888K, reserved 1081344K
  class space    used 4450K, capacity 4727K, committed 4736K, reserved 1048576K
}
Event: 10.709 GC heap before
{Heap before GC invocations=6 (full 0):
 garbage-first heap   total 262144K, used 151507K [0x0000000700000000, 0x0000000800000000)
  region size 1024K, 103 young (105472K), 4 survivors (4096K)
 Metaspace       used 43049K, capacity 43970K, committed 44208K, reserved 1087488K
  class space    used 5313K, capacity 5630K, committed 5632K, reserved 1048576K
}
Event: 10.719 GC heap after
{Heap after GC invocations=7 (full 0):
 garbage-first heap   total 262144K, used 52449K [0x0000000700000000, 0x0000000800000000)
  region size 1024K, 10 young (10240K), 10 survivors (10240K)
 Metaspace       used 43049K, capacity 43970K, committed 44208K, reserved 1087488K
  class space    used 5313K, capacity 5630K, committed 5632K, reserved 1048576K
}
Event: 11.534 GC heap before
{Heap before GC invocations=7 (full 0):
 garbage-first heap   total 262144K, used 180449K [0x0000000700000000, 0x0000000800000000)
  region size 1024K, 136 young (139264K), 10 survivors (10240K)
 Metaspace       used 43095K, capacity 44035K, committed 44208K, reserved 1087488K
  class space    used 5313K, capacity 5630K, committed 5632K, reserved 1048576K
}
Event: 11.557 GC heap after
{Heap after GC invocations=8 (full 0):
 garbage-first heap   total 262144K, used 60594K [0x0000000700000000, 0x0000000800000000)
  region size 1024K, 15 young (15360K), 15 survivors (15360K)
 Metaspace       used 43095K, capacity 44035K, committed 44208K, reserved 1087488K
  class space    used 5313K, capacity 5630K, committed 5632K, reserved 1048576K
}
Event: 12.471 GC heap before
{Heap before GC invocations=8 (full 0):
 garbage-first heap   total 262144K, used 192690K [0x0000000700000000, 0x0000000800000000)
  region size 1024K, 144 young (147456K), 15 survivors (15360K)
 Metaspace       used 43140K, capacity 44099K, committed 44464K, reserved 1087488K
  class space    used 5321K, capacity 5630K, committed 5632K, reserved 1048576K
}
Event: 12.482 GC heap after
{Heap after GC invocations=9 (full 0):
 garbage-first heap   total 315392K, used 64776K [0x0000000700000000, 0x0000000800000000)
  region size 1024K, 13 young (13312K), 13 survivors (13312K)
 Metaspace       used 43140K, capacity 44099K, committed 44464K, reserved 1087488K
  class space    used 5321K, capacity 5630K, committed 5632K, reserved 1048576K
}
Event: 13.908 GC heap before
{Heap before GC invocations=9 (full 0):
 garbage-first heap   total 315392K, used 241928K [0x0000000700000000, 0x0000000800000000)
  region size 1024K, 184 young (188416K), 13 survivors (13312K)
 Metaspace       used 43158K, capacity 44099K, committed 44464K, reserved 1087488K
  class space    used 5321K, capacity 5630K, committed 5632K, reserved 1048576K
}
Event: 13.917 GC heap after
{Heap after GC invocations=10 (full 0):
 garbage-first heap   total 315392K, used 73155K [0x0000000700000000, 0x0000000800000000)
  region size 1024K, 21 young (21504K), 21 survivors (21504K)
 Metaspace       used 43158K, capacity 44099K, committed 44464K, reserved 1087488K
  class space    used 5321K, capacity 5630K, committed 5632K, reserved 1048576K
}

